<?xml version="1.0" encoding="UTF-8"?>
<testng-results ignored="0" total="2" passed="2" failed="0" skipped="0">
  <reporter-output>
  </reporter-output>
  <suite started-at="2025-09-04T12:12:20 IST" name="mySuite" finished-at="2025-09-04T12:12:20 IST" duration-ms="84">
    <groups>
    </groups>
    <test started-at="2025-09-04T12:12:20 IST" name="TestNG" finished-at="2025-09-04T12:12:20 IST" duration-ms="84">
      <class name="TestNg_practice.Dog">
        <test-method signature="barking()[pri:0, instance:TestNg_practice.Dog@1165b38]" started-at="2025-09-04T12:12:20 IST" name="barking" finished-at="2025-09-04T12:12:20 IST" duration-ms="2" status="PASS">
          <reporter-output>
          </reporter-output>
        </test-method> <!-- barking -->
        <test-method is-config="true" signature="breed()[pri:0, instance:TestNg_practice.Dog@1165b38]" started-at="2025-09-04T12:12:20 IST" name="breed" finished-at="2025-09-04T12:12:20 IST" duration-ms="0" status="PASS">
          <reporter-output>
          </reporter-output>
        </test-method> <!-- breed -->
      </class> <!-- TestNg_practice.Dog -->
      <class name="TestNg_practice.Animal">
        <test-method is-config="true" signature="eating()[pri:0, instance:TestNg_practice.Animal@6025e1b6]" started-at="2025-09-04T12:12:20 IST" name="eating" finished-at="2025-09-04T12:12:20 IST" duration-ms="13" status="PASS">
          <reporter-output>
          </reporter-output>
        </test-method> <!-- eating -->
        <test-method signature="colour()[pri:0, instance:TestNg_practice.Animal@6025e1b6]" started-at="2025-09-04T12:12:20 IST" name="colour" finished-at="2025-09-04T12:12:20 IST" duration-ms="8" status="PASS">
          <reporter-output>
          </reporter-output>
        </test-method> <!-- colour -->
      </class> <!-- TestNg_practice.Animal -->
    </test> <!-- TestNG -->
  </suite> <!-- mySuite -->
</testng-results>
